  check_something.c
C:\Users\우리집노트북2\Desktop\Git_hub\GAME\Game_Project\2048\save_mem.h(20,20): error C2146: 구문 오류: ')'이(가) 'ID' 식별자 앞에 없습니다.
C:\Users\우리집노트북2\Desktop\Git_hub\GAME\Game_Project\2048\save_mem.h(20,20): error C2061: 구문 오류: 식별자 'ID'
C:\Users\우리집노트북2\Desktop\Git_hub\GAME\Game_Project\2048\save_mem.h(20,20): error C2059: 구문 오류: ';'
C:\Users\우리집노트북2\Desktop\Git_hub\GAME\Game_Project\2048\save_mem.h(20,22): error C2059: 구문 오류: ')'
  default_frame.c
C:\Users\우리집노트북2\Desktop\Git_hub\GAME\Game_Project\2048\save_mem.h(20,20): error C2146: 구문 오류: ')'이(가) 'ID' 식별자 앞에 없습니다.
C:\Users\우리집노트북2\Desktop\Git_hub\GAME\Game_Project\2048\save_mem.h(20,20): error C2061: 구문 오류: 식별자 'ID'
C:\Users\우리집노트북2\Desktop\Git_hub\GAME\Game_Project\2048\save_mem.h(20,20): error C2059: 구문 오류: ';'
C:\Users\우리집노트북2\Desktop\Git_hub\GAME\Game_Project\2048\save_mem.h(20,22): error C2059: 구문 오류: ')'
  main.c
C:\Users\우리집노트북2\Desktop\Git_hub\GAME\Game_Project\2048\save_mem.h(20,20): error C2146: 구문 오류: ')'이(가) 'ID' 식별자 앞에 없습니다.
C:\Users\우리집노트북2\Desktop\Git_hub\GAME\Game_Project\2048\save_mem.h(20,20): error C2061: 구문 오류: 식별자 'ID'
C:\Users\우리집노트북2\Desktop\Git_hub\GAME\Game_Project\2048\save_mem.h(20,20): error C2059: 구문 오류: ';'
C:\Users\우리집노트북2\Desktop\Git_hub\GAME\Game_Project\2048\save_mem.h(20,22): error C2059: 구문 오류: ')'
  run.c
C:\Users\우리집노트북2\Desktop\Git_hub\GAME\Game_Project\2048\save_mem.h(20,20): error C2146: 구문 오류: ')'이(가) 'ID' 식별자 앞에 없습니다.
C:\Users\우리집노트북2\Desktop\Git_hub\GAME\Game_Project\2048\save_mem.h(20,20): error C2061: 구문 오류: 식별자 'ID'
C:\Users\우리집노트북2\Desktop\Git_hub\GAME\Game_Project\2048\save_mem.h(20,20): error C2059: 구문 오류: ';'
C:\Users\우리집노트북2\Desktop\Git_hub\GAME\Game_Project\2048\save_mem.h(20,22): error C2059: 구문 오류: ')'
C:\Users\우리집노트북2\Desktop\Git_hub\GAME\Game_Project\2048\run.c(285,17): warning C4013: 'create_id'이(가) 정의되지 않았습니다. extern은 int형을 반환하는 것으로 간주합니다.
  save_mem.c
C:\Users\우리집노트북2\Desktop\Git_hub\GAME\Game_Project\2048\save_mem.c(66,22): warning C4047: '함수': 'int'의 간접 참조 수준이 'void *'과(와) 다릅니다.
C:\Users\우리집노트북2\Desktop\Git_hub\GAME\Game_Project\2048\save_mem.c(66,18): warning C4024: 'memset': 형식 및 실제 매개 변수 2의 형식이 서로 다릅니다.
C:\Users\우리집노트북2\Desktop\Git_hub\GAME\Game_Project\2048\save_mem.c(81,27): warning C4047: '함수': 'int'의 간접 참조 수준이 'void *'과(와) 다릅니다.
C:\Users\우리집노트북2\Desktop\Git_hub\GAME\Game_Project\2048\save_mem.c(81,23): warning C4024: 'memset': 형식 및 실제 매개 변수 2의 형식이 서로 다릅니다.
C:\Users\우리집노트북2\Desktop\Git_hub\GAME\Game_Project\2048\save_mem.c(93,29): warning C4047: '함수': 'int'의 간접 참조 수준이 'void *'과(와) 다릅니다.
C:\Users\우리집노트북2\Desktop\Git_hub\GAME\Game_Project\2048\save_mem.c(93,25): warning C4024: 'memset': 형식 및 실제 매개 변수 2의 형식이 서로 다릅니다.
  코드를 생성하고 있습니다...
