  character_location.c
  frame.c
  game_over.c
  main.c
  run.c
C:\Users\우리집노트북2\Desktop\game project\Game Project\obstacle avoidance game\run.c(36,43): warning C4033: 'input'은(는) 값을 반환해야 합니다.
C:\Users\우리집노트북2\Desktop\game project\Game Project\obstacle avoidance game\run.c(45,3): warning C4033: 'input'은(는) 값을 반환해야 합니다.
C:\Users\우리집노트북2\Desktop\game project\Game Project\obstacle avoidance game\run.c(17,6): warning C4101: 'r_temp' :참조되지 않은 지역 변수입니다.
  vertical_bar.c
  코드를 생성하고 있습니다...
C:\Users\우리집노트북2\Desktop\game project\Game Project\obstacle avoidance game\vertical_bar.c(134): warning C4716: 'up_vertical_bar': 값을 반환해야 합니다.
C:\Users\우리집노트북2\Desktop\game project\Game Project\obstacle avoidance game\vertical_bar.c(89): warning C4716: 'score': 값을 반환해야 합니다.
C:\Users\우리집노트북2\Desktop\game project\Game Project\obstacle avoidance game\vertical_bar.c(154): warning C4716: 'first_down_vertical_bar': 값을 반환해야 합니다.
C:\Users\우리집노트북2\Desktop\game project\Game Project\obstacle avoidance game\vertical_bar.c(171): warning C4716: 'down_vertical_bar': 값을 반환해야 합니다.
C:\Users\우리집노트북2\Desktop\game project\Game Project\obstacle avoidance game\run.c(66): warning C4716: 'cursor_view_f': 값을 반환해야 합니다.
C:\Users\우리집노트북2\Desktop\game project\Game Project\obstacle avoidance game\run.c(12): warning C4716: 'run': 값을 반환해야 합니다.
C:\Users\우리집노트북2\Desktop\game project\Game Project\obstacle avoidance game\run.c(58): warning C4715: 'input': 모든 제어 경로에서 값을 반환하지는 않습니다.
C:\Users\우리집노트북2\Desktop\game project\Game Project\obstacle avoidance game\game_over.c(21): warning C4716: 'win': 값을 반환해야 합니다.
C:\Users\우리집노트북2\Desktop\game project\Game Project\obstacle avoidance game\frame.c(20): warning C4716: 'frame': 값을 반환해야 합니다.
C:\Users\우리집노트북2\Desktop\game project\Game Project\obstacle avoidance game\character_location.c(74): warning C4716: 'current_palyer_location': 값을 반환해야 합니다.
C:\Users\우리집노트북2\Desktop\game project\Game Project\obstacle avoidance game\character_location.c(15): warning C4716: 'char_location': 값을 반환해야 합니다.
  obstacle avoidance game.vcxproj -> C:\Users\우리집노트북2\Desktop\game project\Game Project\Debug\obstacle avoidance game.exe
